build/app/outputs/mapping/release/seeds.txt
com.mario.wonderjoys.MainActivity
com.mario.wonderjoys.MainActivity: MainActivity()
...
com.google.firestore.v1.ListenResponse$ResponseTypeCase: com.google.firestore.v1.ListenResponse$ResponseTypeCase valueOf(java.lang.String)
com.google.firestore.v1.Cursor: com.google.protobuf.Internal$ProtobufList values_
androidx.appcompat.widget.AppCompatImageView: void setBackgroundDrawable(android.graphics.drawable.Drawable)
io.flutter.embedding.engine.FlutterJNI: void nativeMarkTextureFrameAvailable(long,long)
androidx.core.widget.NestedScrollView$SavedState: android.os.Parcelable$Creator CREATOR
androidx.appcompat.widget.AppCompatSpinner: void setPopupBackgroundResource(int)
androidx.appcompat.widget.AppCompatSpinner: android.content.res.ColorStateList getSupportBackgroundTintList()
com.google.android.material.bottomappbar.BottomAppBar: float getFabCradleRoundedCornerRadius()
com.google.android.gms.internal.firebase-auth-api.zzyj: int zza
com.google.android.gms.internal.measurement.zzce: java.lang.String zzg
io.flutter.embedding.engine.FlutterJNI: io.flutter.embedding.engine.deferredcomponents.DeferredComponentManager deferredComponentManager
com.google.android.material.floatingactionbutton.FloatingActionButton: void setShowMotionSpec(com.google.android.material.animation.MotionSpec)
com.google.android.gms.internal.firebase-auth-api.zzhj: com.google.android.gms.internal.firebase-auth-api.zzhj[] values()
com.google.firestore.v1.StructuredQuery$Projection: com.google.firestore.v1.StructuredQuery$Projection DEFAULT_INSTANCE
io.flutter.embedding.engine.FlutterJNI: io.flutter.embedding.engine.FlutterJNI spawn(java.lang.String,java.lang.String,java.lang.String)
com.google.android.gms.internal.firebase-auth-api.zzio
androidx.appcompat.widget.ActionBarOverlayLayout: void setUiOptions(int)
com.google.android.material.circularreveal.CircularRevealFrameLayout: void setCircularRevealOverlayDrawable(android.graphics.drawable.Drawable)
com.google.android.gms.measurement.internal.AppMeasurementDynamiteService: void onActivityCreated(com.google.android.gms.dynamic.IObjectWrapper,android.os.Bundle,long)
com.google.android.gms.internal.measurement.zzcq: com.google.android.gms.internal.measurement.zzhy zzm
com.google.firestore.v1.Precondition: com.google.protobuf.Parser PARSER
io.flutter.plugin.editing.ImeSyncDeferringInsetsCallback: int access$100(io.flutter.plugin.editing.ImeSyncDeferringInsetsCallback)
androidx.appcompat.app.AppCompatViewInflater: androidx.appcompat.widget.AppCompatImageView createImageView(android.content.Context,android.util.AttributeSet)
androidx.appcompat.view.menu.ListMenuItemView: android.view.LayoutInflater getInflater()
com.google.android.gms.internal.firebase-auth-api.zzja: com.google.android.gms.internal.firebase-auth-api.zzja zze
com.google.firestore.v1.WriteResult: int UPDATE_TIME_FIELD_NUMBER
androidx.appcompat.widget.AppCompatSpinner: void setAdapter(android.widget.SpinnerAdapter)
com.google.android.material.snackbar.SnackbarContentLayout: android.widget.Button getActionView()
com.google.firebase.firestore.proto.WriteBatch: com.google.firebase.firestore.proto.WriteBatch DEFAULT_INSTANCE
io.flutter.plugins.imagepicker.ImagePickerFileProvider
com.google.firestore.v1.StructuredQuery: com.google.firestore.v1.StructuredQuery$Filter where_
com.google.firestore.v1.BatchGetDocumentsResponse$ResultCase: com.google.firestore.v1.BatchGetDocumentsResponse$ResultCase[] values()
com.google.firestore.v1.StructuredQuery: com.google.firestore.v1.Cursor startAt_
com.google.android.gms.dynamite.descriptors.com.google.firebase.auth.ModuleDescriptor: java.lang.String MODULE_ID
io.flutter.embedding.engine.FlutterJNI: void asyncWaitForVsync(long)
io.flutter.embedding.engine.FlutterJNI: void removeEngineLifecycleListener(io.flutter.embedding.engine.FlutterEngine$EngineLifecycleListener)
io.flutter.embedding.engine.FlutterJNI: java.lang.String observatoryUri
androidx.vectordrawable.graphics.drawable.VectorDrawableCompat$VectorDrawableDelegateState
com.google.firestore.v1.DocumentTransform