build/app/outputs/mapping/release/usage.txt
com.mario.wonderjoys.R$styleable
com.mario.wonderjoys.R$integer
com.mario.wonderjoys.R$anim
com.mario.wonderjoys.R$animator
com.mario.wonderjoys.R$xml
com.mario.wonderjoys.R$drawable
com.mario.wonderjoys.BuildConfig
com.mario.wonderjoys.R$interpolator
com.mario.wonderjoys.R$id
com.mario.wonderjoys.R$mipmap
com.mario.wonderjoys.R$dimen
com.mario.wonderjoys.R$string
com.mario.wonderjoys.R$color
com.mario.wonderjoys.R$attr
com.mario.wonderjoys.R$layout
com.mario.wonderjoys.R$bool
com.mario.wonderjoys.R$style
com.mario.wonderjoys.R
...
com.google.common.util.concurrent.CycleDetectingLockFactory$Policies
androidx.core.app.NotificationCompat$NotificationVisibility
com.google.android.gms.tasks.zzo
androidx.recyclerview.widget.MessageThreadUtil$2
com.google.api.Advice
androidx.appcompat.widget.ActivityChooserView
com.google.android.gms.common.api.internal.IStatusCallback$Stub$zaa
kotlin.coroutines.experimental.migration.ContextMigration
com.google.api.Billing$BillingDestinationOrBuilder
com.google.common.util.concurrent.AbstractFuture$UnsafeAtomicHelper
kotlin.math.UMathKt
kotlin.sequences.SequencesKt___SequencesKt$zipWithNext$2
com.google.firestore.v1.StructuredQuery$UnaryFilterOrBuilder
com.google.common.base.CharMatcher$Or
com.google.firebase.storage.UploadTask$TaskSnapshot:
    public android.net.Uri getUploadSessionUri()
com.google.common.util.concurrent.Striped$1
com.google.protobuf.ArrayDecoders:
    void <init>()
com.google.android.gms.internal.measurement.zzbc
com.google.common.collect.Maps$FilteredEntrySortedMap$SortedKeySet
androidx.core.view.accessibility.AccessibilityManagerCompat$AccessibilityStateChangeListenerCompat
com.google.android.material.snackbar.BaseTransientBottomBar$2
com.google.firebase.storage.FirebaseStorage:
    public static com.google.firebase.storage.FirebaseStorage getInstance()
    public static com.google.firebase.storage.FirebaseStorage getInstance(java.lang.String)
    public com.google.firebase.storage.StorageReference getReferenceFromUrl(java.lang.String)
    private static final java.lang.String TAG
    private static final java.lang.String STORAGE_URI_PARSE_EXCEPTION
    private static final java.lang.String STORAGE_BUCKET_WITH_PATH_EXCEPTION
com.google.common.collect.Maps$TransformedEntriesNavigableMap
kotlin.collections.unsigned.UArraysKt
javax.annotation.concurrent.NotThreadSafe
com.google.android.material.R$bool
com.google.firestore.v1.DocumentDelete:
    private void setDocument(java.lang.String)
    private void clearDocument()
    private void setDocumentBytes(com.google.protobuf.ByteString)
    private void ensureRemovedTargetIdsIsMutable()
    private void setRemovedTargetIds(int,int)
    private void addRemovedTargetIds(int)
    private void addAllRemovedTargetIds(java.lang.Iterable)
    private void clearRemovedTargetIds()
    private void setReadTime(com.google.protobuf.Timestamp)
    private void mergeReadTime(com.google.protobuf.Timestamp)
    private void clearReadTime()
    public static com.google.firestore.v1.DocumentDelete parseFrom(java.nio.ByteBuffer)
    public static com.google.firestore.v1.DocumentDelete parseFrom(java.nio.ByteBuffer,com.google.protobuf.ExtensionRegistryLite)
    public static com.google.firestore.v1.DocumentDelete parseFrom(com.google.protobuf.ByteString)
    public static com.google.firestore.v1.DocumentDelete parseFrom(com.google.protobuf.ByteString,com.google.protobuf.ExtensionRegistryLite)
    public static com.google.firestore.v1.DocumentDelete parseFrom(byte[])
    public static com.google.firestore.v1.DocumentDelete parseFrom(byte[],com.google.protobuf.ExtensionRegistryLite)
    public static com.google.firestore.v1.DocumentDelete parseFrom(java.io.InputStream)
    public static com.google.firestore.v1.DocumentDelete parseFrom(java.io.InputStream,com.google.protobuf.ExtensionRegistryLite)
okio.Pipe$PipeSink
com.google.android.gms.common.api.BooleanResult
androidx.core.os.UserHandleCompat$Api24Impl
com.google.firebase.installations.AutoValue_InstallationTokenResult$1
com.google.gson.internal.bind.ReflectiveTypeAdapterFactory$1
kotlin.collections.IndexedValue
com.google.common.util.concurrent.ExecutionList$RunnableExecutorPair
kotlin.UShortArray
com.google.protobuf.Internal$ListAdapter
com.google.api.HttpRule$Builder
com.google.common.util.concurrent.AbstractFuture$Cancellation
com.google.firebase.firestore.core.ActivityScope:
    public void <init>()
    private static final java.lang.String SUPPORT_FRAGMENT_TAG
    private static final java.lang.String FRAGMENT_TAG